c:\users\kliu11x\onedrive - intel corporation\desktop\source_code\win32_sample_hevc\libraries.communications.webrtc.owt-samples-game-windows\gawebrtcclient\x64\release\vc142.pdb
c:\users\kliu11x\onedrive - intel corporation\desktop\source_code\win32_sample_hevc\libraries.communications.webrtc.owt-samples-game-windows\gawebrtcclient\x64\release\windowclass.obj
c:\users\kliu11x\onedrive - intel corporation\desktop\source_code\win32_sample_hevc\libraries.communications.webrtc.owt-samples-game-windows\gawebrtcclient\x64\release\controlhandler.obj
c:\users\kliu11x\onedrive - intel corporation\desktop\source_code\win32_sample_hevc\libraries.communications.webrtc.owt-samples-game-windows\gawebrtcclient\x64\release\gamesession.obj
c:\users\kliu11x\onedrive - intel corporation\desktop\source_code\win32_sample_hevc\libraries.communications.webrtc.owt-samples-game-windows\gawebrtcclient\x64\release\peerconnection.obj
c:\users\kliu11x\onedrive - intel corporation\desktop\source_code\win32_sample_hevc\libraries.communications.webrtc.owt-samples-game-windows\gawebrtcclient\x64\release\rtcsignaling.obj
c:\users\kliu11x\onedrive - intel corporation\desktop\source_code\win32_sample_hevc\libraries.communications.webrtc.owt-samples-game-windows\gawebrtcclient\x64\release\windowhandler.obj
c:\users\kliu11x\onedrive - intel corporation\desktop\source_code\win32_sample_hevc\libraries.communications.webrtc.owt-samples-game-windows\gawebrtcclient\x64\release\gawebrtcclient.obj
c:\users\kliu11x\onedrive - intel corporation\desktop\source_code\win32_sample_hevc\libraries.communications.webrtc.owt-samples-game-windows\gawebrtcclient\x64\release\gaoption.obj
c:\users\kliu11x\onedrive - intel corporation\desktop\source_code\win32_sample_hevc\libraries.communications.webrtc.owt-samples-game-windows\gawebrtcclient\x64\release\videorenderer.obj
c:\users\kliu11x\onedrive - intel corporation\desktop\source_code\win32_sample_hevc\libraries.communications.webrtc.owt-samples-game-windows\x64\release\gawebrtcclient.exe
c:\users\kliu11x\onedrive - intel corporation\desktop\source_code\win32_sample_hevc\libraries.communications.webrtc.owt-samples-game-windows\gawebrtcclient\x64\release\gawebrtcclient.ipdb
c:\users\kliu11x\onedrive - intel corporation\desktop\source_code\win32_sample_hevc\libraries.communications.webrtc.owt-samples-game-windows\gawebrtcclient\x64\release\gawebrtcclient.iobj
c:\users\kliu11x\onedrive - intel corporation\desktop\source_code\win32_sample_hevc\libraries.communications.webrtc.owt-samples-game-windows\x64\release\gawebrtcclient.pdb
c:\users\kliu11x\onedrive - intel corporation\desktop\source_code\win32_sample_hevc\libraries.communications.webrtc.owt-samples-game-windows\gawebrtcclient\x64\release\gawebrtcclient.tlog\cl.command.1.tlog
c:\users\kliu11x\onedrive - intel corporation\desktop\source_code\win32_sample_hevc\libraries.communications.webrtc.owt-samples-game-windows\gawebrtcclient\x64\release\gawebrtcclient.tlog\cl.read.1.tlog
c:\users\kliu11x\onedrive - intel corporation\desktop\source_code\win32_sample_hevc\libraries.communications.webrtc.owt-samples-game-windows\gawebrtcclient\x64\release\gawebrtcclient.tlog\cl.write.1.tlog
c:\users\kliu11x\onedrive - intel corporation\desktop\source_code\win32_sample_hevc\libraries.communications.webrtc.owt-samples-game-windows\gawebrtcclient\x64\release\gawebrtcclient.tlog\link.command.1.tlog
c:\users\kliu11x\onedrive - intel corporation\desktop\source_code\win32_sample_hevc\libraries.communications.webrtc.owt-samples-game-windows\gawebrtcclient\x64\release\gawebrtcclient.tlog\link.read.1.tlog
c:\users\kliu11x\onedrive - intel corporation\desktop\source_code\win32_sample_hevc\libraries.communications.webrtc.owt-samples-game-windows\gawebrtcclient\x64\release\gawebrtcclient.tlog\link.write.1.tlog
